2023-12-03 21:09:40,846:INFO: -------- Dataset Build! --------
2023-12-03 21:09:40,847:INFO: -------- Get Dataloader! --------
2023-12-03 21:11:43,076:INFO: Epoch: 1, loss: 8.2387056350708, time: 121.86354112625122
2023-12-03 21:11:43,728:INFO: Epoch: 1, Dev loss: 7.15625, Bleu Score: 0.36908768043920515
2023-12-03 21:11:44,053:INFO: -------- Save Best Model! --------
2023-12-03 21:13:47,006:INFO: Epoch: 2, loss: 6.610602378845215, time: 122.95103788375854
2023-12-03 21:13:47,431:INFO: Epoch: 2, Dev loss: 5.75, Bleu Score: 6.838888921933995
2023-12-03 21:13:47,736:INFO: -------- Save Best Model! --------
2023-12-03 21:15:49,339:INFO: Epoch: 3, loss: 5.324908256530762, time: 121.60075640678406
2023-12-03 21:15:49,751:INFO: Epoch: 3, Dev loss: 4.5625, Bleu Score: 15.286926410023076
2023-12-03 21:15:50,075:INFO: -------- Save Best Model! --------
2023-12-03 21:17:52,227:INFO: Epoch: 4, loss: 4.540528774261475, time: 122.15027022361755
2023-12-03 21:17:52,609:INFO: Epoch: 4, Dev loss: 3.953125, Bleu Score: 18.78552747200734
2023-12-03 21:17:52,892:INFO: -------- Save Best Model! --------
2023-12-03 21:19:59,227:INFO: Epoch: 5, loss: 4.106598854064941, time: 126.3350088596344
2023-12-03 21:19:59,656:INFO: Epoch: 5, Dev loss: 3.546875, Bleu Score: 23.926957536907395
2023-12-03 21:19:59,939:INFO: -------- Save Best Model! --------
2023-12-03 21:22:01,692:INFO: Epoch: 6, loss: 3.832162380218506, time: 121.752596616745
2023-12-03 21:22:02,113:INFO: Epoch: 6, Dev loss: 3.25, Bleu Score: 23.653985030152473
2023-12-03 21:24:03,494:INFO: Epoch: 7, loss: 3.643721580505371, time: 121.38004350662231
2023-12-03 21:24:03,963:INFO: Epoch: 7, Dev loss: 3.0, Bleu Score: 28.14109510706621
2023-12-03 21:24:04,249:INFO: -------- Save Best Model! --------
2023-12-03 21:26:14,842:INFO: Epoch: 8, loss: 3.5043697357177734, time: 130.59099531173706
2023-12-03 21:26:15,327:INFO: Epoch: 8, Dev loss: 2.84375, Bleu Score: 26.653415701215618
2023-12-03 21:28:27,759:INFO: Epoch: 9, loss: 3.3990488052368164, time: 132.43137741088867
2023-12-03 21:28:28,193:INFO: Epoch: 9, Dev loss: 2.6875, Bleu Score: 26.023649489126814
2023-12-03 21:30:40,779:INFO: Epoch: 10, loss: 3.316297769546509, time: 132.5851616859436
2023-12-03 21:30:41,211:INFO: Epoch: 10, Dev loss: 2.578125, Bleu Score: 29.10174433584672
2023-12-03 21:30:41,513:INFO: -------- Save Best Model! --------
2023-12-03 21:32:53,726:INFO: Epoch: 11, loss: 3.2482776641845703, time: 132.2106750011444
2023-12-03 21:32:54,165:INFO: Epoch: 11, Dev loss: 2.5, Bleu Score: 29.659752454409148
2023-12-03 21:32:54,465:INFO: -------- Save Best Model! --------
2023-12-03 21:35:12,218:INFO: Epoch: 12, loss: 3.192587375640869, time: 137.7507722377777
2023-12-03 21:35:12,655:INFO: Epoch: 12, Dev loss: 2.421875, Bleu Score: 27.96911368545868
2023-12-03 21:37:25,388:INFO: Epoch: 13, loss: 3.143197536468506, time: 132.73249793052673
2023-12-03 21:37:25,791:INFO: Epoch: 13, Dev loss: 2.359375, Bleu Score: 27.463087283828063
2023-12-03 21:39:38,072:INFO: Epoch: 14, loss: 3.103142738342285, time: 132.28083300590515
2023-12-03 21:39:38,587:INFO: Epoch: 14, Dev loss: 2.3125, Bleu Score: 30.008865223814535
2023-12-03 21:39:38,902:INFO: -------- Save Best Model! --------
2023-12-03 21:41:51,266:INFO: Epoch: 15, loss: 3.0663602352142334, time: 132.36179566383362
2023-12-03 21:41:51,704:INFO: Epoch: 15, Dev loss: 2.25, Bleu Score: 32.08056129158738
2023-12-03 21:41:51,989:INFO: -------- Save Best Model! --------
2023-12-03 21:44:04,108:INFO: Epoch: 16, loss: 3.0339794158935547, time: 132.11701917648315
2023-12-03 21:44:04,580:INFO: Epoch: 16, Dev loss: 2.203125, Bleu Score: 30.839231734313284
2023-12-03 21:46:06,369:INFO: Epoch: 17, loss: 3.0065600872039795, time: 121.78817462921143
2023-12-03 21:46:06,815:INFO: Epoch: 17, Dev loss: 2.15625, Bleu Score: 29.510914933533122
2023-12-03 21:48:08,561:INFO: Epoch: 18, loss: 2.979860544204712, time: 121.745370388031
2023-12-03 21:48:09,097:INFO: Epoch: 18, Dev loss: 2.125, Bleu Score: 30.933670234337374
2023-12-03 21:50:18,849:INFO: Epoch: 19, loss: 2.956921100616455, time: 129.75126791000366
2023-12-03 21:50:19,364:INFO: Epoch: 19, Dev loss: 2.078125, Bleu Score: 31.655241575519437
2023-12-03 21:52:24,353:INFO: Epoch: 20, loss: 2.937314748764038, time: 124.98822951316833
2023-12-03 21:52:24,782:INFO: Epoch: 20, Dev loss: 2.0625, Bleu Score: 33.222809297832725
2023-12-03 21:52:25,058:INFO: -------- Save Best Model! --------
2023-12-03 21:54:26,888:INFO: Epoch: 21, loss: 2.9179062843322754, time: 121.82771944999695
2023-12-03 21:54:27,316:INFO: Epoch: 21, Dev loss: 2.046875, Bleu Score: 30.887689530988162
2023-12-03 21:56:29,060:INFO: Epoch: 22, loss: 2.901423454284668, time: 121.74415063858032
2023-12-03 21:56:29,524:INFO: Epoch: 22, Dev loss: 2.03125, Bleu Score: 31.309341860431253
2023-12-03 21:58:31,333:INFO: Epoch: 23, loss: 2.8852145671844482, time: 121.74415063858032
2023-12-03 21:58:31,798:INFO: Epoch: 23, Dev loss: 1.9921875, Bleu Score: 29.840134614480174
2023-12-03 22:00:33,730:INFO: Epoch: 24, loss: 2.871135950088501, time: 121.9310839176178
2023-12-03 22:00:34,232:INFO: Epoch: 24, Dev loss: 1.96875, Bleu Score: 29.688044369210797
2023-12-03 22:02:36,039:INFO: Epoch: 25, loss: 2.8574795722961426, time: 121.80654907226562
2023-12-03 22:02:36,513:INFO: Epoch: 25, Dev loss: 1.9375, Bleu Score: 31.244962335776986
2023-12-03 22:04:38,367:INFO: Epoch: 26, loss: 2.8455147743225098, time: 121.85277271270752
2023-12-03 22:04:38,801:INFO: Epoch: 26, Dev loss: 1.921875, Bleu Score: 31.968665312738036
2023-12-03 22:06:40,657:INFO: Epoch: 27, loss: 2.834268093109131, time: 121.85554838180542
2023-12-03 22:06:41,089:INFO: Epoch: 27, Dev loss: 1.90625, Bleu Score: 32.357806572680694
2023-12-03 22:08:43,032:INFO: Epoch: 28, loss: 2.824341297149658, time: 121.9420018196106
2023-12-03 22:08:43,487:INFO: Epoch: 28, Dev loss: 1.875, Bleu Score: 30.222204136179865
2023-12-03 22:10:45,243:INFO: Epoch: 29, loss: 2.8151438236236572, time: 121.75527620315552
2023-12-03 22:10:45,682:INFO: Epoch: 29, Dev loss: 1.890625, Bleu Score: 31.859885932970307
2023-12-03 22:12:47,574:INFO: Epoch: 30, loss: 2.8055880069732666, time: 121.89108228683472
2023-12-03 22:12:48,004:INFO: Epoch: 30, Dev loss: 1.8671875, Bleu Score: 30.306791313711294
2023-12-03 22:14:49,856:INFO: Epoch: 31, loss: 2.799281120300293, time: 121.85092353820801
2023-12-03 22:14:50,285:INFO: Epoch: 31, Dev loss: 1.84375, Bleu Score: 31.844440444713378
2023-12-03 22:16:52,178:INFO: Epoch: 32, loss: 2.790832042694092, time: 121.89171123504639
2023-12-03 22:16:52,691:INFO: Epoch: 32, Dev loss: 1.84375, Bleu Score: 34.11699368361823
2023-12-03 22:16:52,989:INFO: -------- Save Best Model! --------
2023-12-03 22:18:54,919:INFO: Epoch: 33, loss: 2.784486770629883, time: 121.92733120918274
2023-12-03 22:18:55,356:INFO: Epoch: 33, Dev loss: 1.84375, Bleu Score: 32.619087706915195
2023-12-03 22:20:57,674:INFO: Epoch: 34, loss: 2.778486728668213, time: 122.31691384315491
2023-12-03 22:20:58,156:INFO: Epoch: 34, Dev loss: 1.828125, Bleu Score: 31.46940601452518
2023-12-03 22:23:01,119:INFO: Epoch: 35, loss: 2.7712392807006836, time: 122.96187233924866
2023-12-03 22:23:01,554:INFO: Epoch: 35, Dev loss: 1.8125, Bleu Score: 33.68153055203309
2023-12-03 22:25:03,877:INFO: Epoch: 36, loss: 2.7661497592926025, time: 122.32192325592041
2023-12-03 22:25:04,330:INFO: Epoch: 36, Dev loss: 1.8125, Bleu Score: 31.31632038487233
2023-12-03 22:27:06,465:INFO: Epoch: 37, loss: 2.761497974395752, time: 122.13490867614746
2023-12-03 22:27:06,941:INFO: Epoch: 37, Dev loss: 1.8046875, Bleu Score: 32.66503355590776
2023-12-03 22:29:09,309:INFO: Epoch: 38, loss: 2.7575554847717285, time: 122.36673712730408
2023-12-03 22:29:09,782:INFO: Epoch: 38, Dev loss: 1.796875, Bleu Score: 34.73833381469221
2023-12-03 22:29:10,074:INFO: -------- Save Best Model! --------
2023-12-03 22:31:12,396:INFO: Epoch: 39, loss: 2.7524940967559814, time: 122.3196177482605
2023-12-03 22:31:12,845:INFO: Epoch: 39, Dev loss: 1.7890625, Bleu Score: 33.80120652182287
2023-12-03 22:33:15,291:INFO: Epoch: 40, loss: 2.748563289642334, time: 122.44575381278992
2023-12-03 22:33:15,783:INFO: Epoch: 40, Dev loss: 1.7890625, Bleu Score: 33.74619747956142
2023-12-03 22:47:56,082:INFO: Test loss: 3.792881488800049,  Bleu Score: 26.280463772545676
