2023-12-02 22:55:42,712:INFO: -------- Dataset Build! --------
2023-12-02 22:55:42,712:INFO: -------- Get Dataloader! --------
2023-12-02 22:59:36,019:INFO: Epoch: 1, loss: 7.6708550453186035, time: 232.8270013332367
2023-12-02 23:11:40,644:INFO: Epoch: 1, Dev loss: 6.746349334716797, Bleu Score: 2.05876597440462
2023-12-02 23:11:41,260:INFO: -------- Save Best Model! --------
2023-12-02 23:15:32,973:INFO: Epoch: 2, loss: 6.209908485412598, time: 231.70478510856628
2023-12-02 23:23:00,772:INFO: Epoch: 2, Dev loss: 5.613600254058838, Bleu Score: 10.414053803725865
2023-12-02 23:23:01,403:INFO: -------- Save Best Model! --------
2023-12-02 23:26:53,410:INFO: Epoch: 3, loss: 5.2646613121032715, time: 231.9990532398224
2023-12-02 23:34:16,413:INFO: Epoch: 3, Dev loss: 4.87254524230957, Bleu Score: 16.360506946262745
2023-12-02 23:34:17,054:INFO: -------- Save Best Model! --------
2023-12-02 23:38:08,919:INFO: Epoch: 4, loss: 4.66138219833374, time: 231.85568714141846
2023-12-02 23:45:49,989:INFO: Epoch: 4, Dev loss: 4.502615451812744, Bleu Score: 20.369859912367737
2023-12-02 23:45:50,609:INFO: -------- Save Best Model! --------
2023-12-02 23:49:42,164:INFO: Epoch: 5, loss: 4.287537574768066, time: 231.54620838165283
2023-12-02 23:57:04,098:INFO: Epoch: 5, Dev loss: 4.30031156539917, Bleu Score: 21.57616569081998
2023-12-02 23:57:04,749:INFO: -------- Save Best Model! --------
2023-12-03 00:00:56,560:INFO: Epoch: 6, loss: 4.011934280395508, time: 231.80227041244507
2023-12-03 00:08:39,121:INFO: Epoch: 6, Dev loss: 4.153843879699707, Bleu Score: 23.1408774612423
2023-12-03 00:08:39,736:INFO: -------- Save Best Model! --------
2023-12-03 00:12:31,854:INFO: Epoch: 7, loss: 3.800549030303955, time: 232.10890340805054
2023-12-03 00:20:10,539:INFO: Epoch: 7, Dev loss: 4.08177375793457, Bleu Score: 23.87459643714844
2023-12-03 00:20:11,169:INFO: -------- Save Best Model! --------
2023-12-03 00:24:03,362:INFO: Epoch: 8, loss: 3.6320226192474365, time: 232.18370914459229
2023-12-03 00:31:29,159:INFO: Epoch: 8, Dev loss: 4.033065319061279, Bleu Score: 24.15596437382545
2023-12-03 00:31:29,791:INFO: -------- Save Best Model! --------
2023-12-03 00:35:21,528:INFO: Epoch: 9, loss: 3.496417284011841, time: 231.72811198234558
2023-12-03 00:43:21,332:INFO: Epoch: 9, Dev loss: 3.9918179512023926, Bleu Score: 24.923724915694944
2023-12-03 00:43:21,953:INFO: -------- Save Best Model! --------
2023-12-03 00:47:13,866:INFO: Epoch: 10, loss: 3.3769824504852295, time: 231.90399146080017
2023-12-03 00:54:51,035:INFO: Epoch: 10, Dev loss: 3.971182346343994, Bleu Score: 25.086000976003085
2023-12-03 00:54:51,656:INFO: -------- Save Best Model! --------
2023-12-03 00:58:43,359:INFO: Epoch: 11, loss: 3.2768988609313965, time: 231.6942982673645
2023-12-03 01:06:16,695:INFO: Epoch: 11, Dev loss: 3.957418918609619, Bleu Score: 25.352510697754443
2023-12-03 01:06:17,308:INFO: -------- Save Best Model! --------
2023-12-03 01:10:08,923:INFO: Epoch: 12, loss: 3.1814818382263184, time: 231.60776948928833
2023-12-03 01:17:54,950:INFO: Epoch: 12, Dev loss: 3.95499324798584, Bleu Score: 25.406010024353638
2023-12-03 01:17:55,427:INFO: -------- Save Best Model! --------
2023-12-03 01:21:47,154:INFO: Epoch: 13, loss: 3.099200487136841, time: 231.71813035011292
2023-12-03 01:29:29,486:INFO: Epoch: 13, Dev loss: 3.950618028640747, Bleu Score: 25.461816911110578
2023-12-03 01:29:29,982:INFO: -------- Save Best Model! --------
2023-12-03 01:33:22,161:INFO: Epoch: 14, loss: 3.023940086364746, time: 232.16941380500793
2023-12-03 01:41:01,068:INFO: Epoch: 14, Dev loss: 3.94747257232666, Bleu Score: 25.597090257058827
2023-12-03 01:41:01,685:INFO: -------- Save Best Model! --------
2023-12-03 01:44:53,599:INFO: Epoch: 15, loss: 2.952139139175415, time: 231.89344000816345
2023-12-03 01:52:53,170:INFO: Epoch: 15, Dev loss: 3.946213722229004, Bleu Score: 26.02961915928115
2023-12-03 01:52:53,807:INFO: -------- Save Best Model! --------
2023-12-03 01:56:45,687:INFO: Epoch: 16, loss: 2.888326406478882, time: 231.86889171600342
2023-12-03 02:04:35,658:INFO: Epoch: 16, Dev loss: 3.9501519203186035, Bleu Score: 25.939730118994532
2023-12-03 02:04:35,658:INFO: Early Stop Left: 4
2023-12-03 02:08:27,746:INFO: Epoch: 17, loss: 2.829284429550171, time: 232.0812749862671
2023-12-03 02:16:10,510:INFO: Epoch: 17, Dev loss: 3.9547009468078613, Bleu Score: 26.00693755854679
2023-12-03 02:16:10,510:INFO: Early Stop Left: 3
2023-12-03 02:20:02,592:INFO: Epoch: 18, loss: 2.7704038619995117, time: 232.07556414604187
2023-12-03 02:27:46,700:INFO: Epoch: 18, Dev loss: 3.961496591567993, Bleu Score: 26.320064666737267
2023-12-03 02:27:47,331:INFO: -------- Save Best Model! --------
2023-12-03 02:31:39,229:INFO: Epoch: 19, loss: 2.720273017883301, time: 231.88951706886292
2023-12-03 02:39:17,665:INFO: Epoch: 19, Dev loss: 3.969879627227783, Bleu Score: 26.00812715108678
2023-12-03 02:39:17,665:INFO: Early Stop Left: 4
2023-12-03 02:43:09,978:INFO: Epoch: 20, loss: 2.671999454498291, time: 232.30561542510986
2023-12-03 02:50:56,565:INFO: Epoch: 20, Dev loss: 3.9823904037475586, Bleu Score: 26.23236873026665
2023-12-03 02:50:56,565:INFO: Early Stop Left: 3
2023-12-03 02:54:48,644:INFO: Epoch: 21, loss: 2.62621808052063, time: 232.07181668281555
2023-12-03 03:02:30,349:INFO: Epoch: 21, Dev loss: 3.9897124767303467, Bleu Score: 26.100045576049595
2023-12-03 03:02:30,349:INFO: Early Stop Left: 2
2023-12-03 03:06:22,312:INFO: Epoch: 22, loss: 2.5817863941192627, time: 231.9543218612671
2023-12-03 03:13:54,633:INFO: Epoch: 22, Dev loss: 4.007502555847168, Bleu Score: 26.07953042947103
2023-12-03 03:13:54,634:INFO: Early Stop Left: 1
2023-12-03 03:17:46,733:INFO: Epoch: 23, loss: 2.539369583129883, time: 232.09098052978516
2023-12-03 03:25:31,366:INFO: Epoch: 23, Dev loss: 4.011465549468994, Bleu Score: 26.048508414180333
2023-12-03 03:25:31,367:INFO: Early Stop Left: 0
2023-12-03 03:25:31,367:INFO: -------- Early Stop! --------
2023-12-03 03:41:11,669:INFO: Test loss: 3.9696733951568604,  Bleu Score: 26.22528266237777
