2023-12-03 22:51:12,840:INFO: -------- Dataset Build! --------
2023-12-03 22:51:12,840:INFO: -------- Get Dataloader! --------
2023-12-03 22:53:05,073:INFO: Epoch: 1, loss: 8.337200164794922, time: 111.7564263343811
2023-12-03 22:53:06,487:INFO: Epoch: 1, Dev loss: 7.1875, Bleu Score: 0.1928346385988838
2023-12-03 22:53:06,606:INFO: -------- Save Best Model! --------
2023-12-03 22:54:58,230:INFO: Epoch: 2, loss: 4.263619422912598, time: 111.62349534034729
2023-12-03 22:54:59,686:INFO: Epoch: 2, Dev loss: 1.8671875, Bleu Score: 0.15230116847312247
2023-12-03 22:56:51,298:INFO: Epoch: 3, loss: 1.7134075164794922, time: 111.61101841926575
2023-12-03 22:56:52,080:INFO: Epoch: 3, Dev loss: 0.8984375, Bleu Score: 0.37834411102131377
2023-12-03 22:56:52,387:INFO: -------- Save Best Model! --------
2023-12-03 22:58:44,162:INFO: Epoch: 4, loss: 1.0557111501693726, time: 111.77362537384033
2023-12-03 22:58:45,050:INFO: Epoch: 4, Dev loss: 0.62109375, Bleu Score: 0.23020469841685298
2023-12-03 23:00:36,852:INFO: Epoch: 5, loss: 0.7954554557800293, time: 111.80222535133362
2023-12-03 23:00:37,773:INFO: Epoch: 5, Dev loss: 0.4609375, Bleu Score: 0.11147206446358375
2023-12-03 23:02:29,583:INFO: Epoch: 6, loss: 0.6572219133377075, time: 111.80905485153198
2023-12-03 23:02:31,070:INFO: Epoch: 6, Dev loss: 0.296875, Bleu Score: 0.13401407653836814
2023-12-03 23:04:23,042:INFO: Epoch: 7, loss: 0.5073977112770081, time: 111.97211122512817
2023-12-03 23:04:24,983:INFO: Epoch: 7, Dev loss: 0.236328125, Bleu Score: 0.1123975658863474
2023-12-03 23:06:16,949:INFO: Epoch: 8, loss: 0.4162466824054718, time: 111.96569204330444
2023-12-03 23:06:17,306:INFO: Epoch: 8, Dev loss: 0.2265625, Bleu Score: 0.135428315240806
2023-12-03 23:08:09,361:INFO: Epoch: 9, loss: 0.3773761987686157, time: 112.05497121810913
2023-12-03 23:08:10,497:INFO: Epoch: 9, Dev loss: 0.2734375, Bleu Score: 0.08948195514125017
2023-12-03 23:10:02,558:INFO: Epoch: 10, loss: 0.35584303736686707, time: 112.06073713302612
2023-12-03 23:10:02,821:INFO: Epoch: 10, Dev loss: 0.1826171875, Bleu Score: 0.02086158321962646
2023-12-03 23:11:54,691:INFO: Epoch: 11, loss: 0.3429366946220398, time: 111.86912107467651
2023-12-03 23:11:55,173:INFO: Epoch: 11, Dev loss: 0.17578125, Bleu Score: 0.3324085824438194
2023-12-03 23:13:47,118:INFO: Epoch: 12, loss: 0.33148255944252014, time: 111.94462633132935
2023-12-03 23:13:48,128:INFO: Epoch: 12, Dev loss: 0.1923828125, Bleu Score: 0.04653957753534396
2023-12-03 23:15:39,810:INFO: Epoch: 13, loss: 0.32284578680992126, time: 111.68138694763184
2023-12-03 23:15:41,517:INFO: Epoch: 13, Dev loss: 0.1884765625, Bleu Score: 0.056732332821096645
2023-12-03 23:17:33,526:INFO: Epoch: 14, loss: 0.3173247277736664, time: 112.00904536247253
2023-12-03 23:17:34,785:INFO: Epoch: 14, Dev loss: 0.26953125, Bleu Score: 0.06729354169323508
2023-12-03 23:19:26,783:INFO: Epoch: 15, loss: 0.31207209825515747, time: 111.99670219421387
2023-12-03 23:19:28,092:INFO: Epoch: 15, Dev loss: 0.162109375, Bleu Score: 0.10479824931227245
2023-12-03 23:21:20,086:INFO: Epoch: 16, loss: 0.30899786949157715, time: 111.99289059638977
2023-12-03 23:21:20,483:INFO: Epoch: 16, Dev loss: 0.158203125, Bleu Score: 0.21660880350729309
2023-12-03 23:23:12,530:INFO: Epoch: 17, loss: 0.3057788908481598, time: 112.04695844650269
2023-12-03 23:23:13,779:INFO: Epoch: 17, Dev loss: 0.1845703125, Bleu Score: 0.06719056548695028
2023-12-03 23:25:05,638:INFO: Epoch: 18, loss: 0.3039824068546295, time: 111.85832953453064
2023-12-03 23:25:07,343:INFO: Epoch: 18, Dev loss: 0.1884765625, Bleu Score: 0.07384425984794214
2023-12-03 23:26:59,399:INFO: Epoch: 19, loss: 0.30158731341362, time: 112.05502915382385
2023-12-03 23:27:00,402:INFO: Epoch: 19, Dev loss: 0.1708984375, Bleu Score: 0.11146386738606734
2023-12-03 23:28:52,286:INFO: Epoch: 20, loss: 0.29964742064476013, time: 111.8838038444519
2023-12-03 23:28:52,675:INFO: Epoch: 20, Dev loss: 0.1826171875, Bleu Score: 0.16955776831380387
2023-12-03 23:30:44,782:INFO: Epoch: 21, loss: 0.2985016107559204, time: 112.10654067993164
2023-12-03 23:30:45,374:INFO: Epoch: 21, Dev loss: 0.150390625, Bleu Score: 0.48337329657955375
2023-12-03 23:30:45,666:INFO: -------- Save Best Model! --------
2023-12-03 23:32:37,863:INFO: Epoch: 22, loss: 0.2970876395702362, time: 112.19474053382874
2023-12-03 23:32:38,144:INFO: Epoch: 22, Dev loss: 0.171875, Bleu Score: 0.08053856159665493
2023-12-03 23:34:30,322:INFO: Epoch: 23, loss: 0.2963883578777313, time: 112.1769802570343
2023-12-03 23:34:31,653:INFO: Epoch: 23, Dev loss: 0.1494140625, Bleu Score: 0.10443358152565474
2023-12-03 23:36:23,826:INFO: Epoch: 24, loss: 0.2962339520454407, time: 112.17282748222351
2023-12-03 23:36:24,921:INFO: Epoch: 24, Dev loss: 0.1513671875, Bleu Score: 0.08377509494731801
2023-12-03 23:38:17,108:INFO: Epoch: 25, loss: 0.2943580746650696, time: 112.18647694587708
2023-12-03 23:38:17,791:INFO: Epoch: 25, Dev loss: 0.1796875, Bleu Score: 0.08909145992440726
2023-12-03 23:40:09,826:INFO: Epoch: 26, loss: 0.29351845383644104, time: 112.03430414199829
2023-12-03 23:40:10,879:INFO: Epoch: 26, Dev loss: 0.1962890625, Bleu Score: 0.14526458828295105
2023-12-03 23:42:02,998:INFO: Epoch: 27, loss: 0.2931566536426544, time: 112.11870288848877
2023-12-03 23:42:03,360:INFO: Epoch: 27, Dev loss: 0.1494140625, Bleu Score: 0.1446362926817336
2023-12-03 23:43:55,343:INFO: Epoch: 28, loss: 0.292508065700531, time: 111.98221325874329
2023-12-03 23:43:55,644:INFO: Epoch: 28, Dev loss: 0.17578125, Bleu Score: 0.06333075334755625
2023-12-03 23:45:47,822:INFO: Epoch: 29, loss: 0.2919878661632538, time: 112.17694687843323
2023-12-03 23:45:48,701:INFO: Epoch: 29, Dev loss: 0.1484375, Bleu Score: 0.2752010620204145
2023-12-03 23:47:40,883:INFO: Epoch: 30, loss: 0.29208460450172424, time: 112.18097591400146
2023-12-03 23:47:41,765:INFO: Epoch: 30, Dev loss: 0.16796875, Bleu Score: 0.3189314189546272
2023-12-03 23:49:33,902:INFO: Epoch: 31, loss: 0.2914171516895294, time: 112.13632202148438
2023-12-03 23:49:35,193:INFO: Epoch: 31, Dev loss: 0.1474609375, Bleu Score: 0.0921205043714516
2023-12-03 23:51:27,283:INFO: Epoch: 32, loss: 0.290840208530426, time: 112.0889732837677
2023-12-03 23:51:28,082:INFO: Epoch: 32, Dev loss: 0.1484375, Bleu Score: 0.20003013170324002
2023-12-03 23:53:20,062:INFO: Epoch: 33, loss: 0.2905081510543823, time: 111.9796850681305
2023-12-03 23:53:20,980:INFO: Epoch: 33, Dev loss: 0.1474609375, Bleu Score: 0.2150844489893144
2023-12-03 23:55:13,054:INFO: Epoch: 34, loss: 0.2905048727989197, time: 112.07398223876953
2023-12-03 23:55:13,648:INFO: Epoch: 34, Dev loss: 0.1826171875, Bleu Score: 0.08096113514767452
2023-12-03 23:57:05,804:INFO: Epoch: 35, loss: 0.29014822840690613, time: 112.1550178527832
2023-12-03 23:57:06,369:INFO: Epoch: 35, Dev loss: 0.1474609375, Bleu Score: 0.17456193266901815
2023-12-03 23:58:58,369:INFO: Epoch: 36, loss: 0.29018789529800415, time: 111.99974536895752
2023-12-03 23:58:58,920:INFO: Epoch: 36, Dev loss: 0.1708984375, Bleu Score: 0.2396200416366035
2023-12-04 00:00:50,946:INFO: Epoch: 37, loss: 0.2895749807357788, time: 112.02556800842285
2023-12-04 00:00:51,282:INFO: Epoch: 37, Dev loss: 0.1640625, Bleu Score: 0.2569305318541945
2023-12-04 00:02:43,382:INFO: Epoch: 38, loss: 0.28923046588897705, time: 112.1002459526062
2023-12-04 00:02:44,141:INFO: Epoch: 38, Dev loss: 0.2138671875, Bleu Score: 0.15368190664700077
2023-12-04 00:04:36,298:INFO: Epoch: 39, loss: 0.28920984268188477, time: 112.15625882148743
2023-12-04 00:04:36,931:INFO: Epoch: 39, Dev loss: 0.177734375, Bleu Score: 0.31145809431487487
2023-12-04 00:06:29,106:INFO: Epoch: 40, loss: 0.28931254148483276, time: 112.17424583435059
2023-12-04 00:06:29,968:INFO: Epoch: 40, Dev loss: 0.1474609375, Bleu Score: 0.16044424630108065
2023-12-04 00:36:10,914:INFO: Test loss: 1.4583159685134888,  Bleu Score: 0.09165697752522384
