2023-12-04 11:34:10,734:INFO: -------- Dataset Build! --------
2023-12-04 11:34:10,734:INFO: -------- Get Dataloader! --------
2023-12-04 11:36:02,810:INFO: Epoch: 1, loss: 8.323994636535645, time: 111.70740556716919
2023-12-04 11:36:03,510:INFO: Epoch: 1, Dev loss: 7.09375, Bleu Score: 0.3173238353493093
2023-12-04 11:36:03,631:INFO: -------- Save Best Model! --------
2023-12-04 11:37:55,252:INFO: Epoch: 2, loss: 4.093584060668945, time: 111.62046408653259
2023-12-04 11:37:56,022:INFO: Epoch: 2, Dev loss: 1.65625, Bleu Score: 0.12211510617975205
2023-12-04 11:39:48,034:INFO: Epoch: 3, loss: 1.6094609498977661, time: 112.01101469993591
2023-12-04 11:39:48,682:INFO: Epoch: 3, Dev loss: 0.90625, Bleu Score: 0.3252748338353638
2023-12-04 11:39:48,974:INFO: -------- Save Best Model! --------
2023-12-04 11:41:40,850:INFO: Epoch: 4, loss: 1.0334405899047852, time: 111.87411594390869
2023-12-04 11:41:42,265:INFO: Epoch: 4, Dev loss: 0.6796875, Bleu Score: 0.17702531519134676
2023-12-04 11:43:34,410:INFO: Epoch: 5, loss: 0.7942138314247131, time: 112.14497995376587
2023-12-04 11:43:35,734:INFO: Epoch: 5, Dev loss: 0.400390625, Bleu Score: 0.20713628302746892
2023-12-04 11:45:27,743:INFO: Epoch: 6, loss: 0.6689813137054443, time: 112.00843691825867
2023-12-04 11:45:29,222:INFO: Epoch: 6, Dev loss: 0.357421875, Bleu Score: 0.23479932061471886
2023-12-04 11:47:21,018:INFO: Epoch: 7, loss: 0.5948144197463989, time: 111.79544448852539
2023-12-04 11:47:22,800:INFO: Epoch: 7, Dev loss: 0.32421875, Bleu Score: 0.13026830498033662
2023-12-04 11:49:14,683:INFO: Epoch: 8, loss: 0.5513922572135925, time: 111.8815565109253
2023-12-04 11:49:16,211:INFO: Epoch: 8, Dev loss: 0.369140625, Bleu Score: 0.21341530854423355
2023-12-04 11:51:08,081:INFO: Epoch: 9, loss: 0.5213373899459839, time: 111.86969423294067
2023-12-04 11:51:09,244:INFO: Epoch: 9, Dev loss: 0.384765625, Bleu Score: 0.11049836255399793
2023-12-04 11:53:01,119:INFO: Epoch: 10, loss: 0.4714166224002838, time: 111.87415933609009
2023-12-04 11:53:03,057:INFO: Epoch: 10, Dev loss: 0.2109375, Bleu Score: 0.1350558538137537
2023-12-04 11:54:54,894:INFO: Epoch: 11, loss: 0.39277809858322144, time: 111.8361918926239
2023-12-04 11:54:56,844:INFO: Epoch: 11, Dev loss: 0.224609375, Bleu Score: 0.11486062943849736
2023-12-04 11:56:48,710:INFO: Epoch: 12, loss: 0.35655897855758667, time: 111.86545300483704
2023-12-04 11:56:49,913:INFO: Epoch: 12, Dev loss: 0.169921875, Bleu Score: 0.0921114535597621
2023-12-04 11:58:41,898:INFO: Epoch: 13, loss: 0.3377606272697449, time: 111.98440766334534
2023-12-04 11:58:43,324:INFO: Epoch: 13, Dev loss: 0.18359375, Bleu Score: 0.09600620833552163
2023-12-04 12:00:35,026:INFO: Epoch: 14, loss: 0.3251172602176666, time: 111.70108699798584
2023-12-04 12:00:36,733:INFO: Epoch: 14, Dev loss: 0.1552734375, Bleu Score: 0.10497846054120005
2023-12-04 12:02:28,475:INFO: Epoch: 15, loss: 0.3156956434249878, time: 111.74143648147583
2023-12-04 12:02:28,979:INFO: Epoch: 15, Dev loss: 0.158203125, Bleu Score: 0.4447441800004118
2023-12-04 12:02:29,190:INFO: -------- Save Best Model! --------
2023-12-04 12:04:20,999:INFO: Epoch: 16, loss: 0.3094315826892853, time: 111.80642652511597
2023-12-04 12:04:22,729:INFO: Epoch: 16, Dev loss: 0.171875, Bleu Score: 0.16129785998689328
2023-12-04 12:06:14,486:INFO: Epoch: 17, loss: 0.3041471838951111, time: 111.75618624687195
2023-12-04 12:06:15,587:INFO: Epoch: 17, Dev loss: 0.228515625, Bleu Score: 0.25926210297194985
2023-12-04 12:08:07,427:INFO: Epoch: 18, loss: 0.29980209469795227, time: 111.83936500549316
2023-12-04 12:08:08,241:INFO: Epoch: 18, Dev loss: 0.1533203125, Bleu Score: 0.15333741624357716
2023-12-04 12:10:00,093:INFO: Epoch: 19, loss: 0.2963762581348419, time: 111.85213780403137
2023-12-04 12:10:01,488:INFO: Epoch: 19, Dev loss: 0.150390625, Bleu Score: 0.25736617227103403
2023-12-04 12:11:53,271:INFO: Epoch: 20, loss: 0.2940736413002014, time: 111.78283286094666
2023-12-04 12:11:54,964:INFO: Epoch: 20, Dev loss: 0.1484375, Bleu Score: 0.22357188651944235
2023-12-04 12:13:46,822:INFO: Epoch: 21, loss: 0.2913557291030884, time: 111.85776543617249
2023-12-04 12:13:48,576:INFO: Epoch: 21, Dev loss: 0.1455078125, Bleu Score: 0.17326202416017614
2023-12-04 12:15:40,405:INFO: Epoch: 22, loss: 0.28970423340797424, time: 111.82869267463684
2023-12-04 12:15:41,964:INFO: Epoch: 22, Dev loss: 0.1435546875, Bleu Score: 0.16460764816625958
2023-12-04 12:17:33,910:INFO: Epoch: 23, loss: 0.2876336872577667, time: 111.94568157196045
2023-12-04 12:17:35,110:INFO: Epoch: 23, Dev loss: 0.1494140625, Bleu Score: 0.2558422829663905
2023-12-04 12:19:26,858:INFO: Epoch: 24, loss: 0.2864384055137634, time: 111.74743056297302
2023-12-04 12:19:28,189:INFO: Epoch: 24, Dev loss: 0.166015625, Bleu Score: 0.160263745496659
2023-12-04 12:21:20,062:INFO: Epoch: 25, loss: 0.28508460521698, time: 111.87199378013611
2023-12-04 12:21:21,359:INFO: Epoch: 25, Dev loss: 0.142578125, Bleu Score: 0.25852920619691705
2023-12-04 12:23:13,372:INFO: Epoch: 26, loss: 0.28428953886032104, time: 112.01199150085449
2023-12-04 12:23:14,880:INFO: Epoch: 26, Dev loss: 0.146484375, Bleu Score: 0.1853430994100207
2023-12-04 12:25:06,697:INFO: Epoch: 27, loss: 0.2834830582141876, time: 111.81676626205444
2023-12-04 12:25:06,957:INFO: Epoch: 27, Dev loss: 0.142578125, Bleu Score: 0.15168224102649555
2023-12-04 12:26:58,875:INFO: Epoch: 28, loss: 0.2828496992588043, time: 111.91751980781555
2023-12-04 12:27:00,231:INFO: Epoch: 28, Dev loss: 0.14453125, Bleu Score: 0.2116142397662161
2023-12-04 12:28:52,098:INFO: Epoch: 29, loss: 0.2815694212913513, time: 111.86638760566711
2023-12-04 12:28:53,597:INFO: Epoch: 29, Dev loss: 0.1435546875, Bleu Score: 0.10471045981349668
2023-12-04 12:30:45,345:INFO: Epoch: 30, loss: 0.2812848389148712, time: 111.74722337722778
2023-12-04 12:30:46,328:INFO: Epoch: 30, Dev loss: 0.1630859375, Bleu Score: 0.34188385725481896
2023-12-04 12:32:38,260:INFO: Epoch: 31, loss: 0.2804794907569885, time: 111.93142986297607
2023-12-04 12:32:39,271:INFO: Epoch: 31, Dev loss: 0.140625, Bleu Score: 0.25149203429983674
2023-12-04 12:34:31,471:INFO: Epoch: 32, loss: 0.2800058424472809, time: 112.20030450820923
2023-12-04 12:34:32,544:INFO: Epoch: 32, Dev loss: 0.1416015625, Bleu Score: 0.2636208486676957
2023-12-04 12:36:24,421:INFO: Epoch: 33, loss: 0.2798895537853241, time: 111.87674331665039
2023-12-04 12:36:25,664:INFO: Epoch: 33, Dev loss: 0.140625, Bleu Score: 0.23842292516792682
2023-12-04 12:38:17,698:INFO: Epoch: 34, loss: 0.27944403886795044, time: 112.03342771530151
2023-12-04 12:38:18,888:INFO: Epoch: 34, Dev loss: 0.166015625, Bleu Score: 0.1152034008976528
2023-12-04 12:40:10,781:INFO: Epoch: 35, loss: 0.278586745262146, time: 111.89263129234314
2023-12-04 12:40:11,706:INFO: Epoch: 35, Dev loss: 0.140625, Bleu Score: 0.24874854425564794
2023-12-04 12:42:03,741:INFO: Epoch: 36, loss: 0.27842381596565247, time: 112.03434467315674
2023-12-04 12:42:04,820:INFO: Epoch: 36, Dev loss: 0.1416015625, Bleu Score: 0.21872471808635652
2023-12-04 12:43:56,750:INFO: Epoch: 37, loss: 0.2785889208316803, time: 111.92922282218933
2023-12-04 12:43:58,069:INFO: Epoch: 37, Dev loss: 0.14453125, Bleu Score: 0.26576791667419436
2023-12-04 12:45:50,025:INFO: Epoch: 38, loss: 0.2781282961368561, time: 111.95485019683838
2023-12-04 12:45:50,112:INFO: Epoch: 38, Dev loss: 0.142578125, Bleu Score: 0.0039257368189675665
2023-12-04 12:47:41,938:INFO: Epoch: 39, loss: 0.2781502604484558, time: 111.82516074180603
2023-12-04 12:47:42,874:INFO: Epoch: 39, Dev loss: 0.140625, Bleu Score: 0.2959370259784144
2023-12-04 12:49:34,832:INFO: Epoch: 40, loss: 0.2780858278274536, time: 111.95709300041199
2023-12-04 12:49:35,820:INFO: Epoch: 40, Dev loss: 0.138671875, Bleu Score: 0.11927674621060333
2023-12-04 13:11:14,171:INFO: Test loss: 1.3269312381744385,  Bleu Score: 0.03623608571345149
